<?xml version="1.0" encoding="UTF-8"?>
<!-- Generated by org.testng.reporters.JUnitXMLReporter -->
<testsuite ignored="0" hostname="DESKTOP-99JJ921" failures="1" tests="2" name="Test" time="35.808" errors="0" timestamp="2020-05-31T20:44:03 EET">
  <testcase classname="automationFrameworkTests.seleniumJava.HeroKuappTest" name="GoogleTestCase" time="6.449"/>
  <testcase classname="automationFrameworkTests.seleniumJava.GoogleTest" name="GoogleTestCase" time="2.957">
    <failure type="java.lang.AssertionError" message="expected [What is Selenium WebDriver?] but found [Selenium Projects]">
      <![CDATA[java.lang.AssertionError: expected [What is Selenium WebDriver?] but found [Selenium Projects]
at automationFrameworkTests.seleniumJava.GoogleTest.GoogleTestCase(GoogleTest.java:52)
at java.base/java.util.ArrayList.forEach(ArrayList.java:1540)
... Removed 32 stack frames]]>
    </failure>
  </testcase> <!-- GoogleTestCase -->
</testsuite> <!-- Test -->
