<?xml version="1.0" encoding="UTF-8"?>
<!-- Generated by org.testng.reporters.JUnitXMLReporter -->
<testsuite ignored="0" hostname="DESKTOP-99JJ921" failures="1" tests="4" name="Command line test" time="2.241" errors="0" timestamp="22 May 2020 23:44:55 GMT">
  <testcase classname="terkwazFramWork.seleniumJava.DDTTest" name="dataTestCase" time="1.504"/>
  <testcase classname="terkwazFramWork.seleniumJava.SeleniumTest" name="browserAutomation" time="0.0"/>
  <testcase classname="terkwazFramWork.seleniumJava.SeleniumTest" name="elementsUI" time="0.0"/>
  <testcase classname="terkwazFramWork.seleniumJava.TestReportTest" name="openBrowser" time="0.15">
    <failure type="java.lang.IllegalStateException" message="The driver executable does not exist: E:\Selenium CrossOver\chromedriver_win32\chromedriver.exe">
      <![CDATA[java.lang.IllegalStateException: The driver executable does not exist: E:\Selenium CrossOver\chromedriver_win32\chromedriver.exe
	at com.google.common.base.Preconditions.checkState(Preconditions.java:534)
	at org.openqa.selenium.remote.service.DriverService.checkExecutable(DriverService.java:136)
	at org.openqa.selenium.remote.service.DriverService.findExecutable(DriverService.java:131)
	at org.openqa.selenium.chrome.ChromeDriverService.access$000(ChromeDriverService.java:32)
	at org.openqa.selenium.chrome.ChromeDriverService$Builder.findDefaultExecutable(ChromeDriverService.java:137)
	at org.openqa.selenium.remote.service.DriverService$Builder.build(DriverService.java:329)
	at org.openqa.selenium.chrome.ChromeDriverService.createDefaultService(ChromeDriverService.java:88)
	at org.openqa.selenium.chrome.ChromeDriver.<init>(ChromeDriver.java:123)
	at terkwazFramWork.seleniumJava.TestReportTest.openBrowser(TestReportTest.java:41)
... Removed 35 stack frames]]>
    </failure>
  </testcase> <!-- openBrowser -->
</testsuite> <!-- Command line test -->
