<?xml version="1.0" encoding="UTF-8"?>
<testng-results ignored="0" total="2" passed="1" failed="1" skipped="0">
  <reporter-output>
  </reporter-output>
  <suite started-at="2020-05-31T20:43:27 EET" name="Suite" finished-at="2020-05-31T20:44:03 EET" duration-ms="35808">
    <groups>
    </groups>
    <test started-at="2020-05-31T20:43:27 EET" name="Test" finished-at="2020-05-31T20:44:03 EET" duration-ms="35808">
      <class name="automationFrameworkTests.seleniumJava.HeroKuappTest">
        <test-method is-config="true" signature="init()[pri:0, instance:automationFrameworkTests.seleniumJava.HeroKuappTest@1df8da7a]" started-at="2020-05-31T20:43:38 EET" name="init" finished-at="2020-05-31T20:43:49 EET" duration-ms="10683" status="PASS">
          <reporter-output>
          </reporter-output>
        </test-method> <!-- init -->
        <test-method signature="GoogleTestCase()[pri:0, instance:automationFrameworkTests.seleniumJava.HeroKuappTest@1df8da7a]" started-at="2020-05-31T20:43:49 EET" name="GoogleTestCase" finished-at="2020-05-31T20:43:55 EET" duration-ms="6449" status="PASS">
          <reporter-output>
          </reporter-output>
        </test-method> <!-- GoogleTestCase -->
        <test-method is-config="true" signature="tearDown()[pri:0, instance:automationFrameworkTests.seleniumJava.HeroKuappTest@1df8da7a]" started-at="2020-05-31T20:44:03 EET" name="tearDown" finished-at="2020-05-31T20:44:03 EET" duration-ms="1" status="PASS">
          <reporter-output>
          </reporter-output>
        </test-method> <!-- tearDown -->
      </class> <!-- automationFrameworkTests.seleniumJava.HeroKuappTest -->
      <class name="automationFrameworkTests.seleniumJava.GoogleTest">
        <test-method is-config="true" signature="init()[pri:0, instance:automationFrameworkTests.seleniumJava.GoogleTest@23941fb4]" started-at="2020-05-31T20:43:27 EET" name="init" finished-at="2020-05-31T20:43:38 EET" duration-ms="10761" status="PASS">
          <reporter-output>
          </reporter-output>
        </test-method> <!-- init -->
        <test-method signature="GoogleTestCase()[pri:0, instance:automationFrameworkTests.seleniumJava.GoogleTest@23941fb4]" started-at="2020-05-31T20:43:55 EET" name="GoogleTestCase" finished-at="2020-05-31T20:43:58 EET" duration-ms="2957" status="FAIL">
          <exception class="java.lang.AssertionError">
            <message>
              <![CDATA[expected [What is Selenium WebDriver?] but found [Selenium Projects]]]>
            </message>
            <full-stacktrace>
              <![CDATA[java.lang.AssertionError: expected [What is Selenium WebDriver?] but found [Selenium Projects]
at org.testng.Assert.fail(Assert.java:97)
at org.testng.Assert.assertEqualsImpl(Assert.java:136)
at org.testng.Assert.assertEquals(Assert.java:118)
at org.testng.Assert.assertEquals(Assert.java:575)
at org.testng.Assert.assertEquals(Assert.java:585)
at automationFrameworkTests.seleniumJava.GoogleTest.GoogleTestCase(GoogleTest.java:52)
at java.base/jdk.internal.reflect.NativeMethodAccessorImpl.invoke0(Native Method)
at java.base/jdk.internal.reflect.NativeMethodAccessorImpl.invoke(NativeMethodAccessorImpl.java:62)
at java.base/jdk.internal.reflect.DelegatingMethodAccessorImpl.invoke(DelegatingMethodAccessorImpl.java:43)
at java.base/java.lang.reflect.Method.invoke(Method.java:566)
at org.testng.internal.MethodInvocationHelper.invokeMethod(MethodInvocationHelper.java:134)
at org.testng.internal.TestInvoker.invokeMethod(TestInvoker.java:597)
at org.testng.internal.TestInvoker.invokeTestMethod(TestInvoker.java:173)
at org.testng.internal.MethodRunner.runInSequence(MethodRunner.java:46)
at org.testng.internal.TestInvoker$MethodInvocationAgent.invoke(TestInvoker.java:816)
at org.testng.internal.TestInvoker.invokeTestMethods(TestInvoker.java:146)
at org.testng.internal.TestMethodWorker.invokeTestMethods(TestMethodWorker.java:146)
at org.testng.internal.TestMethodWorker.run(TestMethodWorker.java:128)
at java.base/java.util.ArrayList.forEach(ArrayList.java:1540)
at org.testng.TestRunner.privateRun(TestRunner.java:766)
at org.testng.TestRunner.run(TestRunner.java:587)
at org.testng.SuiteRunner.runTest(SuiteRunner.java:384)
at org.testng.SuiteRunner.runSequentially(SuiteRunner.java:378)
at org.testng.SuiteRunner.privateRun(SuiteRunner.java:337)
at org.testng.SuiteRunner.run(SuiteRunner.java:286)
at org.testng.SuiteRunnerWorker.runSuite(SuiteRunnerWorker.java:53)
at org.testng.SuiteRunnerWorker.run(SuiteRunnerWorker.java:96)
at org.testng.TestNG.runSuitesSequentially(TestNG.java:1187)
at org.testng.TestNG.runSuitesLocally(TestNG.java:1109)
at org.testng.TestNG.runSuites(TestNG.java:1039)
at org.testng.TestNG.run(TestNG.java:1007)
at org.testng.remote.AbstractRemoteTestNG.run(AbstractRemoteTestNG.java:115)
at org.testng.remote.RemoteTestNG.initAndRun(RemoteTestNG.java:251)
at org.testng.remote.RemoteTestNG.main(RemoteTestNG.java:77)
]]>
            </full-stacktrace>
          </exception> <!-- java.lang.AssertionError -->
          <reporter-output>
          </reporter-output>
        </test-method> <!-- GoogleTestCase -->
        <test-method is-config="true" signature="tearDown()[pri:0, instance:automationFrameworkTests.seleniumJava.GoogleTest@23941fb4]" started-at="2020-05-31T20:43:59 EET" name="tearDown" finished-at="2020-05-31T20:44:03 EET" duration-ms="4297" status="PASS">
          <reporter-output>
          </reporter-output>
        </test-method> <!-- tearDown -->
      </class> <!-- automationFrameworkTests.seleniumJava.GoogleTest -->
    </test> <!-- Test -->
  </suite> <!-- Suite -->
</testng-results>
